{"level":40,"time":1675298307520,"pid":32308,"hostname":"LAPTOP-6KJDOQ12","msg":"Acceso a ruta invalida","route":"/favicon.ico"}
{"level":40,"time":1675298692757,"pid":20528,"hostname":"LAPTOP-6KJDOQ12","msg":"Acceso a ruta invalida","route":"/favicon.ico"}
{"level":40,"time":1675298698924,"pid":20528,"hostname":"LAPTOP-6KJDOQ12","msg":"Acceso a ruta invalida","route":"/favicon.ico"}
{"level":40,"time":1675298991162,"pid":1036,"hostname":"LAPTOP-6KJDOQ12","msg":"Acceso a ruta invalida","route":"/favicon.ico"}
{"level":40,"time":1675298995255,"pid":1036,"hostname":"LAPTOP-6KJDOQ12","msg":"Acceso a ruta invalida","route":"/favicon.ico"}
{"level":40,"time":1675299144153,"pid":9816,"hostname":"LAPTOP-6KJDOQ12","msg":"Acceso a ruta invalida","route":"/favicon.ico"}
{"level":40,"time":1675299148649,"pid":9816,"hostname":"LAPTOP-6KJDOQ12","msg":"Acceso a ruta invalida","route":"/favicon.ico"}
{"level":40,"time":1675299161567,"pid":9816,"hostname":"LAPTOP-6KJDOQ12","msg":"Acceso a ruta invalida","route":"/favicon.ico"}
{"level":40,"time":1675299398545,"pid":9664,"hostname":"LAPTOP-6KJDOQ12","msg":"Acceso a ruta invalida","route":"/favicon.ico"}
{"level":40,"time":1675299402134,"pid":9664,"hostname":"LAPTOP-6KJDOQ12","msg":"Acceso a ruta invalida","route":"/favicon.ico"}
{"level":40,"time":1675299403454,"pid":9664,"hostname":"LAPTOP-6KJDOQ12","msg":"Acceso a ruta invalida","route":"/favicon.ico"}
{"level":40,"time":1675299452497,"pid":16552,"hostname":"LAPTOP-6KJDOQ12","msg":"Acceso a ruta invalida","route":"/favicon.ico"}
{"level":40,"time":1676409166745,"pid":11984,"hostname":"LAPTOP-6KJDOQ12","msg":"Acceso a ruta invalida","route":"/favicon.ico"}
{"level":40,"time":1676409502062,"pid":9376,"hostname":"LAPTOP-6KJDOQ12","msg":"Acceso a ruta invalida","route":"/favicon.ico"}
{"level":40,"time":1676409659384,"pid":15104,"hostname":"LAPTOP-6KJDOQ12","msg":"Acceso a ruta invalida","route":"/favicon.ico"}
{"level":40,"time":1676409735495,"pid":14168,"hostname":"LAPTOP-6KJDOQ12","msg":"Acceso a ruta invalida","route":"/favicon.ico"}
{"level":40,"time":1676409739433,"pid":14168,"hostname":"LAPTOP-6KJDOQ12","msg":"Acceso a ruta invalida","route":"/favicon.ico"}
{"level":40,"time":1676409758511,"pid":14168,"hostname":"LAPTOP-6KJDOQ12","msg":"Acceso a ruta invalida","route":"/favicon.ico"}
{"level":40,"time":1676409760141,"pid":14168,"hostname":"LAPTOP-6KJDOQ12","msg":"Acceso a ruta invalida","route":"/favicon.ico"}
{"level":40,"time":1676409763910,"pid":14168,"hostname":"LAPTOP-6KJDOQ12","msg":"Acceso a ruta invalida","route":"/favicon.ico"}
{"level":40,"time":1676409767866,"pid":14168,"hostname":"LAPTOP-6KJDOQ12","msg":"Acceso a ruta invalida","route":"/favicon.ico"}
{"level":40,"time":1676409771556,"pid":14168,"hostname":"LAPTOP-6KJDOQ12","msg":"Acceso a ruta invalida","route":"/favicon.ico"}
{"level":40,"time":1676409774045,"pid":14168,"hostname":"LAPTOP-6KJDOQ12","msg":"Acceso a ruta invalida","route":"/favicon.ico"}
{"level":40,"time":1676409776176,"pid":14168,"hostname":"LAPTOP-6KJDOQ12","msg":"Acceso a ruta invalida","route":"/favicon.ico"}
{"level":40,"time":1676409781695,"pid":14168,"hostname":"LAPTOP-6KJDOQ12","msg":"Acceso a ruta invalida","route":"/favicon.ico"}
{"level":40,"time":1676409783317,"pid":14168,"hostname":"LAPTOP-6KJDOQ12","msg":"Acceso a ruta invalida","route":"/favicon.ico"}
{"level":40,"time":1676409786968,"pid":14168,"hostname":"LAPTOP-6KJDOQ12","msg":"Acceso a ruta invalida","route":"/favicon.ico"}
{"level":40,"time":1676409791971,"pid":14168,"hostname":"LAPTOP-6KJDOQ12","msg":"Acceso a ruta invalida","route":"/favicon.ico"}
{"level":40,"time":1676409793995,"pid":14168,"hostname":"LAPTOP-6KJDOQ12","msg":"Acceso a ruta invalida","route":"/favicon.ico"}
{"level":40,"time":1676409795974,"pid":14168,"hostname":"LAPTOP-6KJDOQ12","msg":"Acceso a ruta invalida","route":"/favicon.ico"}
{"level":40,"time":1676409799630,"pid":14168,"hostname":"LAPTOP-6KJDOQ12","msg":"Acceso a ruta invalida","route":"/favicon.ico"}
{"level":40,"time":1676409806958,"pid":14168,"hostname":"LAPTOP-6KJDOQ12","msg":"Acceso a ruta invalida","route":"/favicon.ico"}
{"level":40,"time":1676409895938,"pid":1100,"hostname":"LAPTOP-6KJDOQ12","msg":"Acceso a ruta invalida","route":"/favicon.ico"}
{"level":40,"time":1676409899959,"pid":1100,"hostname":"LAPTOP-6KJDOQ12","msg":"Acceso a ruta invalida","route":"/favicon.ico"}
{"level":40,"time":1676409901329,"pid":1100,"hostname":"LAPTOP-6KJDOQ12","msg":"Acceso a ruta invalida","route":"/favicon.ico"}
{"level":40,"time":1676409905471,"pid":1100,"hostname":"LAPTOP-6KJDOQ12","msg":"Acceso a ruta invalida","route":"/favicon.ico"}
{"level":40,"time":1676409906565,"pid":1100,"hostname":"LAPTOP-6KJDOQ12","msg":"Acceso a ruta invalida","route":"/favicon.ico"}
{"level":40,"time":1676409907231,"pid":1100,"hostname":"LAPTOP-6KJDOQ12","msg":"Acceso a ruta invalida","route":"/favicon.ico"}
{"level":40,"time":1676410302438,"pid":15788,"hostname":"LAPTOP-6KJDOQ12","msg":"Acceso a ruta invalida","route":"/favicon.ico"}
{"level":40,"time":1676410311035,"pid":15788,"hostname":"LAPTOP-6KJDOQ12","msg":"Acceso a ruta invalida","route":"/favicon.ico"}
{"level":40,"time":1676410334538,"pid":15788,"hostname":"LAPTOP-6KJDOQ12","msg":"Acceso a ruta invalida","route":"/favicon.ico"}
{"level":40,"time":1676410335550,"pid":15788,"hostname":"LAPTOP-6KJDOQ12","msg":"Acceso a ruta invalida","route":"/favicon.ico"}
{"level":40,"time":1676410469983,"pid":11728,"hostname":"LAPTOP-6KJDOQ12","msg":"Acceso a ruta invalida","route":"/favicon.ico"}
{"level":40,"time":1676410502599,"pid":3236,"hostname":"LAPTOP-6KJDOQ12","msg":"Acceso a ruta invalida","route":"/favicon.ico"}
{"level":40,"time":1676410582744,"pid":3236,"hostname":"LAPTOP-6KJDOQ12","msg":"Acceso a ruta invalida","route":"/favicon.ico"}
{"level":40,"time":1676410612245,"pid":1088,"hostname":"LAPTOP-6KJDOQ12","msg":"Acceso a ruta invalida","route":"/favicon.ico"}
{"level":40,"time":1676410672284,"pid":14300,"hostname":"LAPTOP-6KJDOQ12","msg":"Acceso a ruta invalida","route":"/favicon.ico"}
{"level":40,"time":1676410678985,"pid":14300,"hostname":"LAPTOP-6KJDOQ12","msg":"Acceso a ruta invalida","route":"/favicon.ico"}
{"level":40,"time":1676410680617,"pid":14300,"hostname":"LAPTOP-6KJDOQ12","msg":"Acceso a ruta invalida","route":"/favicon.ico"}
{"level":40,"time":1676410690677,"pid":14300,"hostname":"LAPTOP-6KJDOQ12","msg":"Acceso a ruta invalida","route":"/favicon.ico"}
{"level":40,"time":1676410692115,"pid":14300,"hostname":"LAPTOP-6KJDOQ12","msg":"Acceso a ruta invalida","route":"/favicon.ico"}
{"level":40,"time":1676410703686,"pid":14300,"hostname":"LAPTOP-6KJDOQ12","msg":"Acceso a ruta invalida","route":"/favicon.ico"}
{"level":40,"time":1676410766141,"pid":2004,"hostname":"LAPTOP-6KJDOQ12","msg":"Acceso a ruta invalida","route":"/favicon.ico"}
{"level":40,"time":1676410776475,"pid":2004,"hostname":"LAPTOP-6KJDOQ12","msg":"Acceso a ruta invalida","route":"/favicon.ico"}
{"level":40,"time":1676410784472,"pid":2004,"hostname":"LAPTOP-6KJDOQ12","msg":"Acceso a ruta invalida","route":"/favicon.ico"}
{"level":40,"time":1676410792592,"pid":2004,"hostname":"LAPTOP-6KJDOQ12","msg":"Acceso a ruta invalida","route":"/favicon.ico"}
{"level":40,"time":1676410881489,"pid":15240,"hostname":"LAPTOP-6KJDOQ12","msg":"Acceso a ruta invalida","route":"/favicon.ico"}
{"level":40,"time":1676411432186,"pid":6804,"hostname":"LAPTOP-6KJDOQ12","msg":"Acceso a ruta invalida","route":"/favicon.ico"}
{"level":40,"time":1676411498604,"pid":6804,"hostname":"LAPTOP-6KJDOQ12","msg":"Acceso a ruta invalida","route":"/favicon.ico"}
{"level":40,"time":1676411563245,"pid":6804,"hostname":"LAPTOP-6KJDOQ12","msg":"Acceso a ruta invalida","route":"/favicon.ico"}
{"level":40,"time":1676411588002,"pid":1004,"hostname":"LAPTOP-6KJDOQ12","msg":"Acceso a ruta invalida","route":"/favicon.ico"}
{"level":40,"time":1676411599918,"pid":1004,"hostname":"LAPTOP-6KJDOQ12","msg":"Acceso a ruta invalida","route":"/favicon.ico"}
{"level":40,"time":1676411737861,"pid":12428,"hostname":"LAPTOP-6KJDOQ12","msg":"Acceso a ruta invalida","route":"/rei"}
{"level":40,"time":1676411738040,"pid":12428,"hostname":"LAPTOP-6KJDOQ12","msg":"Acceso a ruta invalida","route":"/favicon.ico"}
{"level":40,"time":1676411739846,"pid":12428,"hostname":"LAPTOP-6KJDOQ12","msg":"Acceso a ruta invalida","route":"/favicon.ico"}
{"level":40,"time":1676411748684,"pid":12428,"hostname":"LAPTOP-6KJDOQ12","msg":"Acceso a ruta invalida","route":"/favicon.ico"}
{"level":40,"time":1676412128252,"pid":9344,"hostname":"LAPTOP-6KJDOQ12","msg":"Acceso a ruta invalida","route":"/favicon.ico"}
{"level":40,"time":1676412225107,"pid":10056,"hostname":"LAPTOP-6KJDOQ12","msg":"Acceso a ruta invalida","route":"/favicon.ico"}
{"level":40,"time":1676412339905,"pid":9004,"hostname":"LAPTOP-6KJDOQ12","msg":"Acceso a ruta invalida","route":"/favicon.ico"}
{"level":40,"time":1676412399659,"pid":14472,"hostname":"LAPTOP-6KJDOQ12","msg":"Acceso a ruta invalida","route":"/favicon.ico"}
{"level":40,"time":1676412583063,"pid":15456,"hostname":"LAPTOP-6KJDOQ12","msg":"Acceso a ruta invalida","route":"/favicon.ico"}
{"level":40,"time":1676412718299,"pid":14600,"hostname":"LAPTOP-6KJDOQ12","msg":"Acceso a ruta invalida","route":"/favicon.ico"}
{"level":40,"time":1676412726222,"pid":14600,"hostname":"LAPTOP-6KJDOQ12","msg":"Acceso a ruta invalida","route":"/favicon.ico"}
{"level":40,"time":1676412752742,"pid":7712,"hostname":"LAPTOP-6KJDOQ12","msg":"Acceso a ruta invalida","route":"/favicon.ico"}
{"level":40,"time":1676412752973,"pid":7712,"hostname":"LAPTOP-6KJDOQ12","msg":"Acceso a ruta invalida","route":"/favicon.ico"}
{"level":40,"time":1676412761488,"pid":7712,"hostname":"LAPTOP-6KJDOQ12","msg":"Acceso a ruta invalida","route":"/favicon.ico"}
{"level":40,"time":1676412812787,"pid":16236,"hostname":"LAPTOP-6KJDOQ12","msg":"Acceso a ruta invalida","route":"/favicon.ico"}
{"level":40,"time":1676412848862,"pid":708,"hostname":"LAPTOP-6KJDOQ12","msg":"Acceso a ruta invalida","route":"/favicon.ico"}
{"level":40,"time":1676412856824,"pid":708,"hostname":"LAPTOP-6KJDOQ12","msg":"Acceso a ruta invalida","route":"/favicon.ico"}
{"level":40,"time":1676412909996,"pid":11980,"hostname":"LAPTOP-6KJDOQ12","msg":"Acceso a ruta invalida","route":"/favicon.ico"}
{"level":40,"time":1676412917999,"pid":11980,"hostname":"LAPTOP-6KJDOQ12","msg":"Acceso a ruta invalida","route":"/favicon.ico"}
{"level":40,"time":1676494304480,"pid":16260,"hostname":"LAPTOP-6KJDOQ12","msg":"Acceso a ruta invalida","route":"/favicon.ico"}
{"level":40,"time":1676494306139,"pid":16260,"hostname":"LAPTOP-6KJDOQ12","msg":"Acceso a ruta invalida","route":"/favicon.ico"}
{"level":40,"time":1676494326416,"pid":16260,"hostname":"LAPTOP-6KJDOQ12","msg":"Acceso a ruta invalida","route":"/favicon.ico"}
{"level":40,"time":1676494334372,"pid":16260,"hostname":"LAPTOP-6KJDOQ12","msg":"Acceso a ruta invalida","route":"/favicon.ico"}
{"level":40,"time":1676494338224,"pid":16260,"hostname":"LAPTOP-6KJDOQ12","msg":"Acceso a ruta invalida","route":"/favicon.ico"}
{"level":40,"time":1676494340012,"pid":16260,"hostname":"LAPTOP-6KJDOQ12","msg":"Acceso a ruta invalida","route":"/favicon.ico"}
{"level":40,"time":1676494357982,"pid":16260,"hostname":"LAPTOP-6KJDOQ12","msg":"Acceso a ruta invalida","route":"/favicon.ico"}
{"level":40,"time":1676494359505,"pid":16260,"hostname":"LAPTOP-6KJDOQ12","msg":"Acceso a ruta invalida","route":"/favicon.ico"}
{"level":40,"time":1676494597573,"pid":9508,"hostname":"LAPTOP-6KJDOQ12","msg":"Acceso a ruta invalida","route":"/static"}
{"level":40,"time":1676494597752,"pid":9508,"hostname":"LAPTOP-6KJDOQ12","msg":"Acceso a ruta invalida","route":"/favicon.ico"}
{"level":40,"time":1676494600164,"pid":9508,"hostname":"LAPTOP-6KJDOQ12","msg":"Acceso a ruta invalida","route":"/public"}
{"level":40,"time":1676494600353,"pid":9508,"hostname":"LAPTOP-6KJDOQ12","msg":"Acceso a ruta invalida","route":"/favicon.ico"}
{"level":40,"time":1676494610176,"pid":9508,"hostname":"LAPTOP-6KJDOQ12","msg":"Acceso a ruta invalida","route":"/favicon.ico"}
{"level":40,"time":1676494612318,"pid":9508,"hostname":"LAPTOP-6KJDOQ12","msg":"Acceso a ruta invalida","route":"/favicon.ico"}
{"level":40,"time":1676494614363,"pid":9508,"hostname":"LAPTOP-6KJDOQ12","msg":"Acceso a ruta invalida","route":"/public"}
{"level":40,"time":1676494614710,"pid":9508,"hostname":"LAPTOP-6KJDOQ12","msg":"Acceso a ruta invalida","route":"/favicon.ico"}
{"level":40,"time":1676494617063,"pid":9508,"hostname":"LAPTOP-6KJDOQ12","msg":"Acceso a ruta invalida","route":"/public/"}
{"level":40,"time":1676494617430,"pid":9508,"hostname":"LAPTOP-6KJDOQ12","msg":"Acceso a ruta invalida","route":"/favicon.ico"}
{"level":40,"time":1676494641734,"pid":14292,"hostname":"LAPTOP-6KJDOQ12","msg":"Acceso a ruta invalida","route":"/public"}
{"level":40,"time":1676494642359,"pid":14292,"hostname":"LAPTOP-6KJDOQ12","msg":"Acceso a ruta invalida","route":"/favicon.ico"}
{"level":40,"time":1676494644741,"pid":14292,"hostname":"LAPTOP-6KJDOQ12","msg":"Acceso a ruta invalida","route":"/public"}
{"level":40,"time":1676494645092,"pid":14292,"hostname":"LAPTOP-6KJDOQ12","msg":"Acceso a ruta invalida","route":"/favicon.ico"}
{"level":40,"time":1676494650586,"pid":14292,"hostname":"LAPTOP-6KJDOQ12","msg":"Acceso a ruta invalida","route":"/public"}
{"level":40,"time":1676494650961,"pid":14292,"hostname":"LAPTOP-6KJDOQ12","msg":"Acceso a ruta invalida","route":"/favicon.ico"}
{"level":40,"time":1676495337058,"pid":10824,"hostname":"LAPTOP-6KJDOQ12","msg":"Server escuchando en puerto 8070"}
{"level":40,"time":1676495353737,"pid":4140,"hostname":"LAPTOP-6KJDOQ12","msg":"Server escuchando en puerto 8070"}
{"level":40,"time":1676495360933,"pid":4140,"hostname":"LAPTOP-6KJDOQ12","msg":"Acceso a ruta invalida","route":"/images/"}
{"level":40,"time":1676495361063,"pid":4140,"hostname":"LAPTOP-6KJDOQ12","msg":"Nuevo cliente conectado."}
{"level":40,"time":1676495780038,"pid":1544,"hostname":"LAPTOP-6KJDOQ12","msg":"Server escuchando en puerto 8070"}
{"level":40,"time":1676495792850,"pid":1544,"hostname":"LAPTOP-6KJDOQ12","msg":"Nuevo cliente conectado."}
{"level":40,"time":1676496030715,"pid":1544,"hostname":"LAPTOP-6KJDOQ12","msg":"Nuevo cliente conectado."}
{"level":40,"time":1676496095313,"pid":4232,"hostname":"LAPTOP-6KJDOQ12","msg":"Server escuchando en puerto 8070"}
{"level":40,"time":1676496169348,"pid":4232,"hostname":"LAPTOP-6KJDOQ12","msg":"Nuevo cliente conectado."}
{"level":40,"time":1676496395656,"pid":4232,"hostname":"LAPTOP-6KJDOQ12","msg":"Nuevo cliente conectado."}
{"level":40,"time":1676496395715,"pid":4232,"hostname":"LAPTOP-6KJDOQ12","msg":"Acceso a ruta invalida","route":"/public/images/squiel2517_perfil.webp"}
{"level":40,"time":1676496469439,"pid":4232,"hostname":"LAPTOP-6KJDOQ12","msg":"Acceso a ruta invalida","route":"//images/squiel2517_perfil.webp"}
{"level":40,"time":1676496469464,"pid":4232,"hostname":"LAPTOP-6KJDOQ12","msg":"Nuevo cliente conectado."}
{"level":40,"time":1676496472667,"pid":4232,"hostname":"LAPTOP-6KJDOQ12","msg":"Acceso a ruta invalida","route":"//images/squiel2517_perfil.webp"}
{"level":40,"time":1676496472980,"pid":4232,"hostname":"LAPTOP-6KJDOQ12","msg":"Nuevo cliente conectado."}
{"level":40,"time":1676496473017,"pid":4232,"hostname":"LAPTOP-6KJDOQ12","msg":"Acceso a ruta invalida","route":"//images/squiel2517_perfil.webp"}
{"level":40,"time":1676496492943,"pid":4232,"hostname":"LAPTOP-6KJDOQ12","msg":"Nuevo cliente conectado."}
{"level":40,"time":1676496531167,"pid":4232,"hostname":"LAPTOP-6KJDOQ12","msg":"Nuevo cliente conectado."}
{"level":40,"time":1676496531898,"pid":4232,"hostname":"LAPTOP-6KJDOQ12","msg":"Nuevo cliente conectado."}
{"level":40,"time":1676496539156,"pid":4232,"hostname":"LAPTOP-6KJDOQ12","msg":"Nuevo cliente conectado."}
{"level":40,"time":1676496584983,"pid":4232,"hostname":"LAPTOP-6KJDOQ12","msg":"Nuevo cliente conectado."}
{"level":40,"time":1676496585635,"pid":4232,"hostname":"LAPTOP-6KJDOQ12","msg":"Nuevo cliente conectado."}
{"level":40,"time":1676496586982,"pid":4232,"hostname":"LAPTOP-6KJDOQ12","msg":"Nuevo cliente conectado."}
{"level":40,"time":1676496605972,"pid":4232,"hostname":"LAPTOP-6KJDOQ12","msg":"Nuevo cliente conectado."}
{"level":40,"time":1676496607099,"pid":4232,"hostname":"LAPTOP-6KJDOQ12","msg":"Nuevo cliente conectado."}
{"level":40,"time":1676496617001,"pid":4232,"hostname":"LAPTOP-6KJDOQ12","msg":"Nuevo cliente conectado."}
{"level":40,"time":1676496618730,"pid":4232,"hostname":"LAPTOP-6KJDOQ12","msg":"Nuevo cliente conectado."}
{"level":40,"time":1676496634468,"pid":4232,"hostname":"LAPTOP-6KJDOQ12","msg":"Nuevo cliente conectado."}
{"level":40,"time":1676496678883,"pid":4232,"hostname":"LAPTOP-6KJDOQ12","msg":"Nuevo cliente conectado."}
{"level":40,"time":1676496715077,"pid":4232,"hostname":"LAPTOP-6KJDOQ12","msg":"Nuevo cliente conectado."}
{"level":40,"time":1676496715803,"pid":4232,"hostname":"LAPTOP-6KJDOQ12","msg":"Nuevo cliente conectado."}
{"level":40,"time":1676496716446,"pid":4232,"hostname":"LAPTOP-6KJDOQ12","msg":"Nuevo cliente conectado."}
{"level":40,"time":1676496725454,"pid":4232,"hostname":"LAPTOP-6KJDOQ12","msg":"Nuevo cliente conectado."}
{"level":40,"time":1676496738418,"pid":4232,"hostname":"LAPTOP-6KJDOQ12","msg":"Nuevo cliente conectado."}
{"level":40,"time":1676496756395,"pid":4232,"hostname":"LAPTOP-6KJDOQ12","msg":"Nuevo cliente conectado."}
{"level":40,"time":1676496771153,"pid":4232,"hostname":"LAPTOP-6KJDOQ12","msg":"Nuevo cliente conectado."}
{"level":40,"time":1676496771999,"pid":4232,"hostname":"LAPTOP-6KJDOQ12","msg":"Nuevo cliente conectado."}
{"level":40,"time":1676496791078,"pid":4232,"hostname":"LAPTOP-6KJDOQ12","msg":"Nuevo cliente conectado."}
{"level":40,"time":1676496809268,"pid":4232,"hostname":"LAPTOP-6KJDOQ12","msg":"Nuevo cliente conectado."}
{"level":40,"time":1676496812485,"pid":4232,"hostname":"LAPTOP-6KJDOQ12","msg":"Nuevo cliente conectado."}
{"level":40,"time":1676496818711,"pid":4232,"hostname":"LAPTOP-6KJDOQ12","msg":"Nuevo cliente conectado."}
{"level":40,"time":1676496820167,"pid":4232,"hostname":"LAPTOP-6KJDOQ12","msg":"Nuevo cliente conectado."}
{"level":40,"time":1676496837475,"pid":4232,"hostname":"LAPTOP-6KJDOQ12","msg":"Nuevo cliente conectado."}
{"level":40,"time":1676496862089,"pid":4232,"hostname":"LAPTOP-6KJDOQ12","msg":"Nuevo cliente conectado."}
{"level":40,"time":1676496866235,"pid":4232,"hostname":"LAPTOP-6KJDOQ12","msg":"Nuevo cliente conectado."}
{"level":40,"time":1676496889704,"pid":4232,"hostname":"LAPTOP-6KJDOQ12","msg":"Nuevo cliente conectado."}
{"level":40,"time":1676496912839,"pid":4232,"hostname":"LAPTOP-6KJDOQ12","msg":"Nuevo cliente conectado."}
{"level":40,"time":1676496913570,"pid":4232,"hostname":"LAPTOP-6KJDOQ12","msg":"Nuevo cliente conectado."}
{"level":40,"time":1676496917002,"pid":4232,"hostname":"LAPTOP-6KJDOQ12","msg":"Nuevo cliente conectado."}
{"level":40,"time":1676496917785,"pid":4232,"hostname":"LAPTOP-6KJDOQ12","msg":"Nuevo cliente conectado."}
{"level":40,"time":1676496927748,"pid":4232,"hostname":"LAPTOP-6KJDOQ12","msg":"Nuevo cliente conectado."}
{"level":40,"time":1676496930500,"pid":4232,"hostname":"LAPTOP-6KJDOQ12","msg":"Nuevo cliente conectado."}
{"level":40,"time":1676496950254,"pid":4232,"hostname":"LAPTOP-6KJDOQ12","msg":"Nuevo cliente conectado."}
{"level":40,"time":1676496951125,"pid":4232,"hostname":"LAPTOP-6KJDOQ12","msg":"Nuevo cliente conectado."}
{"level":40,"time":1676496960956,"pid":4232,"hostname":"LAPTOP-6KJDOQ12","msg":"Nuevo cliente conectado."}
{"level":40,"time":1676496961654,"pid":4232,"hostname":"LAPTOP-6KJDOQ12","msg":"Nuevo cliente conectado."}
{"level":40,"time":1676496981366,"pid":4232,"hostname":"LAPTOP-6KJDOQ12","msg":"Nuevo cliente conectado."}
{"level":40,"time":1676496995849,"pid":4232,"hostname":"LAPTOP-6KJDOQ12","msg":"Nuevo cliente conectado."}
{"level":40,"time":1676497152915,"pid":4476,"hostname":"LAPTOP-6KJDOQ12","msg":"Server escuchando en puerto 8070"}
{"level":40,"time":1676497153046,"pid":4476,"hostname":"LAPTOP-6KJDOQ12","msg":"Nuevo cliente conectado."}
{"level":40,"time":1676497160106,"pid":4476,"hostname":"LAPTOP-6KJDOQ12","msg":"Nuevo cliente conectado."}
{"level":40,"time":1676497293901,"pid":3616,"hostname":"LAPTOP-6KJDOQ12","msg":"Server escuchando en puerto 8070"}
{"level":40,"time":1676497294025,"pid":3616,"hostname":"LAPTOP-6KJDOQ12","msg":"Nuevo cliente conectado."}
{"level":40,"time":1676497301329,"pid":3616,"hostname":"LAPTOP-6KJDOQ12","msg":"Nuevo cliente conectado."}
{"level":40,"time":1676497420443,"pid":13288,"hostname":"LAPTOP-6KJDOQ12","msg":"Server escuchando en puerto 8070"}
{"level":40,"time":1676497420771,"pid":13288,"hostname":"LAPTOP-6KJDOQ12","msg":"Nuevo cliente conectado."}
{"level":40,"time":1676497437237,"pid":5932,"hostname":"LAPTOP-6KJDOQ12","msg":"Server escuchando en puerto 8070"}
{"level":40,"time":1676497438218,"pid":5932,"hostname":"LAPTOP-6KJDOQ12","msg":"Nuevo cliente conectado."}
{"level":40,"time":1676497472758,"pid":5932,"hostname":"LAPTOP-6KJDOQ12","msg":"Nuevo cliente conectado."}
{"level":40,"time":1676497532378,"pid":5932,"hostname":"LAPTOP-6KJDOQ12","msg":"Nuevo cliente conectado."}
{"level":40,"time":1676497550962,"pid":5932,"hostname":"LAPTOP-6KJDOQ12","msg":"Nuevo cliente conectado."}
{"level":40,"time":1676497720272,"pid":5932,"hostname":"LAPTOP-6KJDOQ12","msg":"Nuevo cliente conectado."}
{"level":40,"time":1676497828687,"pid":5932,"hostname":"LAPTOP-6KJDOQ12","msg":"Nuevo cliente conectado."}
{"level":40,"time":1676497860650,"pid":5932,"hostname":"LAPTOP-6KJDOQ12","msg":"Nuevo cliente conectado."}
{"level":40,"time":1676497871337,"pid":5932,"hostname":"LAPTOP-6KJDOQ12","msg":"Nuevo cliente conectado."}
{"level":40,"time":1676497886227,"pid":5932,"hostname":"LAPTOP-6KJDOQ12","msg":"Nuevo cliente conectado."}
{"level":40,"time":1676497893306,"pid":5932,"hostname":"LAPTOP-6KJDOQ12","msg":"Nuevo cliente conectado."}
{"level":40,"time":1676497907086,"pid":5932,"hostname":"LAPTOP-6KJDOQ12","msg":"Nuevo cliente conectado."}
{"level":40,"time":1676497928323,"pid":5932,"hostname":"LAPTOP-6KJDOQ12","msg":"Nuevo cliente conectado."}
{"level":40,"time":1676497929195,"pid":5932,"hostname":"LAPTOP-6KJDOQ12","msg":"Nuevo cliente conectado."}
{"level":40,"time":1676497932726,"pid":5932,"hostname":"LAPTOP-6KJDOQ12","msg":"Nuevo cliente conectado."}
{"level":40,"time":1676497942266,"pid":5932,"hostname":"LAPTOP-6KJDOQ12","msg":"Nuevo cliente conectado."}
{"level":40,"time":1676497946984,"pid":5932,"hostname":"LAPTOP-6KJDOQ12","msg":"Nuevo cliente conectado."}
{"level":40,"time":1676497947711,"pid":5932,"hostname":"LAPTOP-6KJDOQ12","msg":"Nuevo cliente conectado."}
{"level":40,"time":1676497953025,"pid":5932,"hostname":"LAPTOP-6KJDOQ12","msg":"Nuevo cliente conectado."}
{"level":40,"time":1676497953820,"pid":5932,"hostname":"LAPTOP-6KJDOQ12","msg":"Nuevo cliente conectado."}
{"level":40,"time":1676497956730,"pid":5932,"hostname":"LAPTOP-6KJDOQ12","msg":"Nuevo cliente conectado."}
{"level":40,"time":1676497973114,"pid":5932,"hostname":"LAPTOP-6KJDOQ12","msg":"Nuevo cliente conectado."}
{"level":40,"time":1676497977498,"pid":5932,"hostname":"LAPTOP-6KJDOQ12","msg":"Nuevo cliente conectado."}
{"level":40,"time":1676497981907,"pid":5932,"hostname":"LAPTOP-6KJDOQ12","msg":"Nuevo cliente conectado."}
{"level":40,"time":1676497989658,"pid":5932,"hostname":"LAPTOP-6KJDOQ12","msg":"Nuevo cliente conectado."}
{"level":40,"time":1676498024130,"pid":5932,"hostname":"LAPTOP-6KJDOQ12","msg":"Nuevo cliente conectado."}
{"level":40,"time":1676498024949,"pid":5932,"hostname":"LAPTOP-6KJDOQ12","msg":"Nuevo cliente conectado."}
{"level":40,"time":1676498035502,"pid":5932,"hostname":"LAPTOP-6KJDOQ12","msg":"Nuevo cliente conectado."}
{"level":40,"time":1676498051001,"pid":5932,"hostname":"LAPTOP-6KJDOQ12","msg":"Nuevo cliente conectado."}
{"level":40,"time":1676498051741,"pid":5932,"hostname":"LAPTOP-6KJDOQ12","msg":"Nuevo cliente conectado."}
{"level":40,"time":1676498052166,"pid":5932,"hostname":"LAPTOP-6KJDOQ12","msg":"Nuevo cliente conectado."}
{"level":40,"time":1676498061261,"pid":5932,"hostname":"LAPTOP-6KJDOQ12","msg":"Nuevo cliente conectado."}
{"level":40,"time":1676498068719,"pid":5932,"hostname":"LAPTOP-6KJDOQ12","msg":"Nuevo cliente conectado."}
{"level":40,"time":1676498135500,"pid":5932,"hostname":"LAPTOP-6KJDOQ12","msg":"Nuevo cliente conectado."}
{"level":40,"time":1676498149864,"pid":5932,"hostname":"LAPTOP-6KJDOQ12","msg":"Nuevo cliente conectado."}
{"level":40,"time":1676498168903,"pid":5932,"hostname":"LAPTOP-6KJDOQ12","msg":"Nuevo cliente conectado."}
{"level":40,"time":1676498176286,"pid":5932,"hostname":"LAPTOP-6KJDOQ12","msg":"Nuevo cliente conectado."}
{"level":40,"time":1676498195272,"pid":5932,"hostname":"LAPTOP-6KJDOQ12","msg":"Nuevo cliente conectado."}
{"level":40,"time":1676498199780,"pid":5932,"hostname":"LAPTOP-6KJDOQ12","msg":"Nuevo cliente conectado."}
{"level":40,"time":1676498205681,"pid":5932,"hostname":"LAPTOP-6KJDOQ12","msg":"Nuevo cliente conectado."}
{"level":40,"time":1676498226406,"pid":5932,"hostname":"LAPTOP-6KJDOQ12","msg":"Nuevo cliente conectado."}
{"level":40,"time":1676498274837,"pid":5932,"hostname":"LAPTOP-6KJDOQ12","msg":"Nuevo cliente conectado."}
{"level":40,"time":1676498285108,"pid":5932,"hostname":"LAPTOP-6KJDOQ12","msg":"Nuevo cliente conectado."}
{"level":40,"time":1676498304088,"pid":5932,"hostname":"LAPTOP-6KJDOQ12","msg":"Nuevo cliente conectado."}
{"level":40,"time":1676498354238,"pid":5932,"hostname":"LAPTOP-6KJDOQ12","msg":"Nuevo cliente conectado."}
{"level":40,"time":1676498356917,"pid":5932,"hostname":"LAPTOP-6KJDOQ12","msg":"Nuevo cliente conectado."}
{"level":40,"time":1676498363024,"pid":5932,"hostname":"LAPTOP-6KJDOQ12","msg":"Nuevo cliente conectado."}
{"level":40,"time":1676498390495,"pid":5932,"hostname":"LAPTOP-6KJDOQ12","msg":"Nuevo cliente conectado."}
{"level":40,"time":1676498391206,"pid":5932,"hostname":"LAPTOP-6KJDOQ12","msg":"Nuevo cliente conectado."}
{"level":40,"time":1676498397253,"pid":5932,"hostname":"LAPTOP-6KJDOQ12","msg":"Nuevo cliente conectado."}
{"level":40,"time":1676498398567,"pid":5932,"hostname":"LAPTOP-6KJDOQ12","msg":"Nuevo cliente conectado."}
{"level":40,"time":1676498402920,"pid":5932,"hostname":"LAPTOP-6KJDOQ12","msg":"Nuevo cliente conectado."}
{"level":40,"time":1676498411832,"pid":5932,"hostname":"LAPTOP-6KJDOQ12","msg":"Nuevo cliente conectado."}
{"level":40,"time":1676498534297,"pid":5932,"hostname":"LAPTOP-6KJDOQ12","msg":"Nuevo cliente conectado."}
{"level":40,"time":1676498698274,"pid":5932,"hostname":"LAPTOP-6KJDOQ12","msg":"Nuevo cliente conectado."}
{"level":40,"time":1676498720473,"pid":5932,"hostname":"LAPTOP-6KJDOQ12","msg":"Nuevo cliente conectado."}
{"level":40,"time":1676498722660,"pid":5932,"hostname":"LAPTOP-6KJDOQ12","msg":"Nuevo cliente conectado."}
{"level":40,"time":1676498732616,"pid":5932,"hostname":"LAPTOP-6KJDOQ12","msg":"Nuevo cliente conectado."}
{"level":40,"time":1676498734042,"pid":5932,"hostname":"LAPTOP-6KJDOQ12","msg":"Nuevo cliente conectado."}
{"level":40,"time":1676498737655,"pid":5932,"hostname":"LAPTOP-6KJDOQ12","msg":"Nuevo cliente conectado."}
{"level":40,"time":1676498750601,"pid":5932,"hostname":"LAPTOP-6KJDOQ12","msg":"Nuevo cliente conectado."}
{"level":40,"time":1676498790292,"pid":5932,"hostname":"LAPTOP-6KJDOQ12","msg":"Nuevo cliente conectado."}
{"level":40,"time":1676498792745,"pid":5932,"hostname":"LAPTOP-6KJDOQ12","msg":"Nuevo cliente conectado."}
{"level":40,"time":1676498818984,"pid":5932,"hostname":"LAPTOP-6KJDOQ12","msg":"Nuevo cliente conectado."}
{"level":40,"time":1676498820782,"pid":5932,"hostname":"LAPTOP-6KJDOQ12","msg":"Nuevo cliente conectado."}
{"level":40,"time":1676498838354,"pid":5932,"hostname":"LAPTOP-6KJDOQ12","msg":"Nuevo cliente conectado."}
{"level":40,"time":1676498881564,"pid":5932,"hostname":"LAPTOP-6KJDOQ12","msg":"Nuevo cliente conectado."}
{"level":40,"time":1676498937899,"pid":5932,"hostname":"LAPTOP-6KJDOQ12","msg":"Nuevo cliente conectado."}
{"level":40,"time":1676498950086,"pid":5932,"hostname":"LAPTOP-6KJDOQ12","msg":"Nuevo cliente conectado."}
{"level":40,"time":1676498962798,"pid":5932,"hostname":"LAPTOP-6KJDOQ12","msg":"Nuevo cliente conectado."}
{"level":40,"time":1676498994387,"pid":5932,"hostname":"LAPTOP-6KJDOQ12","msg":"Nuevo cliente conectado."}
{"level":40,"time":1676498995454,"pid":5932,"hostname":"LAPTOP-6KJDOQ12","msg":"Nuevo cliente conectado."}
{"level":40,"time":1676499013417,"pid":5932,"hostname":"LAPTOP-6KJDOQ12","msg":"Nuevo cliente conectado."}
{"level":40,"time":1676499084898,"pid":5932,"hostname":"LAPTOP-6KJDOQ12","msg":"Nuevo cliente conectado."}
{"level":40,"time":1676499134962,"pid":5932,"hostname":"LAPTOP-6KJDOQ12","msg":"Nuevo cliente conectado."}
{"level":40,"time":1676499144317,"pid":5932,"hostname":"LAPTOP-6KJDOQ12","msg":"Nuevo cliente conectado."}
{"level":40,"time":1676499145030,"pid":5932,"hostname":"LAPTOP-6KJDOQ12","msg":"Nuevo cliente conectado."}
{"level":40,"time":1676499152786,"pid":5932,"hostname":"LAPTOP-6KJDOQ12","msg":"Nuevo cliente conectado."}
{"level":40,"time":1676499153375,"pid":5932,"hostname":"LAPTOP-6KJDOQ12","msg":"Nuevo cliente conectado."}
{"level":40,"time":1676499160118,"pid":5932,"hostname":"LAPTOP-6KJDOQ12","msg":"Nuevo cliente conectado."}
{"level":40,"time":1676499160716,"pid":5932,"hostname":"LAPTOP-6KJDOQ12","msg":"Nuevo cliente conectado."}
{"level":40,"time":1676499160877,"pid":5932,"hostname":"LAPTOP-6KJDOQ12","msg":"Nuevo cliente conectado."}
{"level":40,"time":1676499161051,"pid":5932,"hostname":"LAPTOP-6KJDOQ12","msg":"Nuevo cliente conectado."}
{"level":40,"time":1676499200912,"pid":5932,"hostname":"LAPTOP-6KJDOQ12","msg":"Nuevo cliente conectado."}
{"level":40,"time":1676499201629,"pid":5932,"hostname":"LAPTOP-6KJDOQ12","msg":"Nuevo cliente conectado."}
{"level":40,"time":1676499202001,"pid":5932,"hostname":"LAPTOP-6KJDOQ12","msg":"Nuevo cliente conectado."}
{"level":40,"time":1676499202174,"pid":5932,"hostname":"LAPTOP-6KJDOQ12","msg":"Nuevo cliente conectado."}
{"level":40,"time":1676499210489,"pid":5932,"hostname":"LAPTOP-6KJDOQ12","msg":"Nuevo cliente conectado."}
{"level":40,"time":1676499216720,"pid":5932,"hostname":"LAPTOP-6KJDOQ12","msg":"Nuevo cliente conectado."}
{"level":40,"time":1676499217337,"pid":5932,"hostname":"LAPTOP-6KJDOQ12","msg":"Nuevo cliente conectado."}
{"level":40,"time":1676499217538,"pid":5932,"hostname":"LAPTOP-6KJDOQ12","msg":"Nuevo cliente conectado."}
{"level":40,"time":1676499222817,"pid":5932,"hostname":"LAPTOP-6KJDOQ12","msg":"Nuevo cliente conectado."}
{"level":40,"time":1676499223389,"pid":5932,"hostname":"LAPTOP-6KJDOQ12","msg":"Nuevo cliente conectado."}
{"level":40,"time":1676499231978,"pid":5932,"hostname":"LAPTOP-6KJDOQ12","msg":"Nuevo cliente conectado."}
{"level":40,"time":1676499237301,"pid":5932,"hostname":"LAPTOP-6KJDOQ12","msg":"Nuevo cliente conectado."}
{"level":40,"time":1676499237920,"pid":5932,"hostname":"LAPTOP-6KJDOQ12","msg":"Nuevo cliente conectado."}
{"level":40,"time":1676499238106,"pid":5932,"hostname":"LAPTOP-6KJDOQ12","msg":"Nuevo cliente conectado."}
{"level":40,"time":1676499242534,"pid":5932,"hostname":"LAPTOP-6KJDOQ12","msg":"Nuevo cliente conectado."}
{"level":40,"time":1676499243240,"pid":5932,"hostname":"LAPTOP-6KJDOQ12","msg":"Nuevo cliente conectado."}
{"level":40,"time":1676499243418,"pid":5932,"hostname":"LAPTOP-6KJDOQ12","msg":"Nuevo cliente conectado."}
{"level":40,"time":1676499253843,"pid":5932,"hostname":"LAPTOP-6KJDOQ12","msg":"Nuevo cliente conectado."}
{"level":40,"time":1676499392106,"pid":5932,"hostname":"LAPTOP-6KJDOQ12","msg":"Nuevo cliente conectado."}
{"level":40,"time":1676499491301,"pid":5932,"hostname":"LAPTOP-6KJDOQ12","msg":"Nuevo cliente conectado."}
{"level":40,"time":1676499615005,"pid":5932,"hostname":"LAPTOP-6KJDOQ12","msg":"Nuevo cliente conectado."}
{"level":40,"time":1676499630148,"pid":5932,"hostname":"LAPTOP-6KJDOQ12","msg":"Nuevo cliente conectado."}
{"level":40,"time":1676499641051,"pid":5932,"hostname":"LAPTOP-6KJDOQ12","msg":"Nuevo cliente conectado."}
{"level":40,"time":1676499654854,"pid":5932,"hostname":"LAPTOP-6KJDOQ12","msg":"Nuevo cliente conectado."}
{"level":40,"time":1676499659608,"pid":5932,"hostname":"LAPTOP-6KJDOQ12","msg":"Nuevo cliente conectado."}
{"level":40,"time":1676499688588,"pid":5932,"hostname":"LAPTOP-6KJDOQ12","msg":"Nuevo cliente conectado."}
{"level":40,"time":1676499706298,"pid":5932,"hostname":"LAPTOP-6KJDOQ12","msg":"Nuevo cliente conectado."}
{"level":40,"time":1676499726405,"pid":5932,"hostname":"LAPTOP-6KJDOQ12","msg":"Nuevo cliente conectado."}
{"level":40,"time":1676499740571,"pid":5932,"hostname":"LAPTOP-6KJDOQ12","msg":"Nuevo cliente conectado."}
{"level":40,"time":1676499750400,"pid":5932,"hostname":"LAPTOP-6KJDOQ12","msg":"Nuevo cliente conectado."}
{"level":40,"time":1676499763053,"pid":5932,"hostname":"LAPTOP-6KJDOQ12","msg":"Nuevo cliente conectado."}
{"level":40,"time":1676499776735,"pid":5932,"hostname":"LAPTOP-6KJDOQ12","msg":"Acceso a ruta invalida","route":"/carrito"}
{"level":40,"time":1676499777000,"pid":5932,"hostname":"LAPTOP-6KJDOQ12","msg":"Nuevo cliente conectado."}
{"level":40,"time":1676499778411,"pid":5932,"hostname":"LAPTOP-6KJDOQ12","msg":"Acceso a ruta invalida","route":"/carrito"}
{"level":40,"time":1676499778663,"pid":5932,"hostname":"LAPTOP-6KJDOQ12","msg":"Nuevo cliente conectado."}
{"level":40,"time":1676500307123,"pid":5932,"hostname":"LAPTOP-6KJDOQ12","msg":"Nuevo cliente conectado."}
{"level":40,"time":1676500378988,"pid":5932,"hostname":"LAPTOP-6KJDOQ12","msg":"Nuevo cliente conectado."}
{"level":40,"time":1676500658412,"pid":5932,"hostname":"LAPTOP-6KJDOQ12","msg":"Nuevo cliente conectado."}
{"level":40,"time":1676500665274,"pid":5932,"hostname":"LAPTOP-6KJDOQ12","msg":"Nuevo cliente conectado."}
{"level":40,"time":1676500724523,"pid":5932,"hostname":"LAPTOP-6KJDOQ12","msg":"Nuevo cliente conectado."}
{"level":40,"time":1676500735684,"pid":5932,"hostname":"LAPTOP-6KJDOQ12","msg":"Nuevo cliente conectado."}
{"level":40,"time":1676500743619,"pid":5932,"hostname":"LAPTOP-6KJDOQ12","msg":"Nuevo cliente conectado."}
{"level":40,"time":1676500763248,"pid":5932,"hostname":"LAPTOP-6KJDOQ12","msg":"Nuevo cliente conectado."}
{"level":40,"time":1676500773596,"pid":5932,"hostname":"LAPTOP-6KJDOQ12","msg":"Nuevo cliente conectado."}
{"level":40,"time":1676500783810,"pid":5932,"hostname":"LAPTOP-6KJDOQ12","msg":"Nuevo cliente conectado."}
{"level":40,"time":1676500790859,"pid":5932,"hostname":"LAPTOP-6KJDOQ12","msg":"Nuevo cliente conectado."}
{"level":40,"time":1676500797007,"pid":5932,"hostname":"LAPTOP-6KJDOQ12","msg":"Nuevo cliente conectado."}
{"level":40,"time":1676500806374,"pid":5932,"hostname":"LAPTOP-6KJDOQ12","msg":"Nuevo cliente conectado."}
{"level":40,"time":1676500863463,"pid":5932,"hostname":"LAPTOP-6KJDOQ12","msg":"Nuevo cliente conectado."}
{"level":40,"time":1676500872101,"pid":5932,"hostname":"LAPTOP-6KJDOQ12","msg":"Nuevo cliente conectado."}
{"level":40,"time":1676500977791,"pid":9728,"hostname":"LAPTOP-6KJDOQ12","msg":"Server escuchando en puerto 8070"}
{"level":40,"time":1676500978032,"pid":9728,"hostname":"LAPTOP-6KJDOQ12","msg":"Nuevo cliente conectado."}
{"level":40,"time":1676501048689,"pid":9728,"hostname":"LAPTOP-6KJDOQ12","msg":"Nuevo cliente conectado."}
{"level":40,"time":1676501270324,"pid":2216,"hostname":"LAPTOP-6KJDOQ12","msg":"Server escuchando en puerto 8070"}
{"level":40,"time":1676501276326,"pid":2216,"hostname":"LAPTOP-6KJDOQ12","msg":"Nuevo cliente conectado."}
{"level":40,"time":1676501331092,"pid":8952,"hostname":"LAPTOP-6KJDOQ12","msg":"Server escuchando en puerto 8070"}
{"level":40,"time":1676501331768,"pid":8952,"hostname":"LAPTOP-6KJDOQ12","msg":"Nuevo cliente conectado."}
{"level":40,"time":1676501335088,"pid":8952,"hostname":"LAPTOP-6KJDOQ12","msg":"Nuevo cliente conectado."}
{"level":40,"time":1676501364686,"pid":10540,"hostname":"LAPTOP-6KJDOQ12","msg":"Server escuchando en puerto 8070"}
{"level":40,"time":1676501364802,"pid":10540,"hostname":"LAPTOP-6KJDOQ12","msg":"Nuevo cliente conectado."}
{"level":40,"time":1676501365660,"pid":10540,"hostname":"LAPTOP-6KJDOQ12","msg":"Nuevo cliente conectado."}
{"level":40,"time":1676501388629,"pid":12416,"hostname":"LAPTOP-6KJDOQ12","msg":"Server escuchando en puerto 8070"}
{"level":40,"time":1676501389684,"pid":12416,"hostname":"LAPTOP-6KJDOQ12","msg":"Nuevo cliente conectado."}
{"level":40,"time":1676501401516,"pid":10424,"hostname":"LAPTOP-6KJDOQ12","msg":"Server escuchando en puerto 8070"}
{"level":40,"time":1676501402555,"pid":10424,"hostname":"LAPTOP-6KJDOQ12","msg":"Nuevo cliente conectado."}
{"level":40,"time":1676501409676,"pid":5124,"hostname":"LAPTOP-6KJDOQ12","msg":"Server escuchando en puerto 8070"}
{"level":40,"time":1676501409796,"pid":5124,"hostname":"LAPTOP-6KJDOQ12","msg":"Nuevo cliente conectado."}
{"level":40,"time":1676501410842,"pid":5124,"hostname":"LAPTOP-6KJDOQ12","msg":"Nuevo cliente conectado."}
{"level":40,"time":1676501417095,"pid":17716,"hostname":"LAPTOP-6KJDOQ12","msg":"Server escuchando en puerto 8070"}
{"level":40,"time":1676501417277,"pid":17716,"hostname":"LAPTOP-6KJDOQ12","msg":"Nuevo cliente conectado."}
{"level":40,"time":1676501419038,"pid":17716,"hostname":"LAPTOP-6KJDOQ12","msg":"Nuevo cliente conectado."}
{"level":40,"time":1676501484203,"pid":16072,"hostname":"LAPTOP-6KJDOQ12","msg":"Server escuchando en puerto 8070"}
{"level":40,"time":1676501484767,"pid":16072,"hostname":"LAPTOP-6KJDOQ12","msg":"Nuevo cliente conectado."}
{"level":40,"time":1676501487135,"pid":6264,"hostname":"LAPTOP-6KJDOQ12","msg":"Server escuchando en puerto 8070"}
{"level":40,"time":1676501487774,"pid":6264,"hostname":"LAPTOP-6KJDOQ12","msg":"Nuevo cliente conectado."}
{"level":40,"time":1676501494298,"pid":6264,"hostname":"LAPTOP-6KJDOQ12","msg":"Nuevo cliente conectado."}
{"level":40,"time":1676501502593,"pid":17084,"hostname":"LAPTOP-6KJDOQ12","msg":"Server escuchando en puerto 8070"}
{"level":40,"time":1676501502615,"pid":17084,"hostname":"LAPTOP-6KJDOQ12","msg":"Nuevo cliente conectado."}
{"level":40,"time":1676501503597,"pid":17084,"hostname":"LAPTOP-6KJDOQ12","msg":"Nuevo cliente conectado."}
{"level":40,"time":1676501510622,"pid":9836,"hostname":"LAPTOP-6KJDOQ12","msg":"Server escuchando en puerto 8070"}
{"level":40,"time":1676501510868,"pid":9836,"hostname":"LAPTOP-6KJDOQ12","msg":"Nuevo cliente conectado."}
{"level":40,"time":1676501511611,"pid":9836,"hostname":"LAPTOP-6KJDOQ12","msg":"Nuevo cliente conectado."}
{"level":40,"time":1676501552255,"pid":9836,"hostname":"LAPTOP-6KJDOQ12","msg":"Nuevo cliente conectado."}
{"level":40,"time":1676501553662,"pid":10208,"hostname":"LAPTOP-6KJDOQ12","msg":"Server escuchando en puerto 8070"}
{"level":40,"time":1676501553856,"pid":10208,"hostname":"LAPTOP-6KJDOQ12","msg":"Nuevo cliente conectado."}
{"level":40,"time":1676501557468,"pid":12220,"hostname":"LAPTOP-6KJDOQ12","msg":"Server escuchando en puerto 8070"}
{"level":40,"time":1676501557804,"pid":12220,"hostname":"LAPTOP-6KJDOQ12","msg":"Nuevo cliente conectado."}
{"level":40,"time":1676501558485,"pid":12220,"hostname":"LAPTOP-6KJDOQ12","msg":"Nuevo cliente conectado."}
{"level":40,"time":1676501574959,"pid":10776,"hostname":"LAPTOP-6KJDOQ12","msg":"Server escuchando en puerto 8070"}
{"level":40,"time":1676501575051,"pid":10776,"hostname":"LAPTOP-6KJDOQ12","msg":"Nuevo cliente conectado."}
{"level":40,"time":1676501575941,"pid":10776,"hostname":"LAPTOP-6KJDOQ12","msg":"Nuevo cliente conectado."}
{"level":40,"time":1676501586560,"pid":11248,"hostname":"LAPTOP-6KJDOQ12","msg":"Server escuchando en puerto 8070"}
{"level":40,"time":1676501587538,"pid":11248,"hostname":"LAPTOP-6KJDOQ12","msg":"Nuevo cliente conectado."}
{"level":40,"time":1676501597036,"pid":10848,"hostname":"LAPTOP-6KJDOQ12","msg":"Server escuchando en puerto 8070"}
{"level":40,"time":1676501597777,"pid":10848,"hostname":"LAPTOP-6KJDOQ12","msg":"Nuevo cliente conectado."}
{"level":40,"time":1676501612755,"pid":9480,"hostname":"LAPTOP-6KJDOQ12","msg":"Server escuchando en puerto 8070"}
{"level":40,"time":1676501613855,"pid":9480,"hostname":"LAPTOP-6KJDOQ12","msg":"Nuevo cliente conectado."}
{"level":40,"time":1676501855723,"pid":9480,"hostname":"LAPTOP-6KJDOQ12","msg":"Nuevo cliente conectado."}
{"level":40,"time":1676502122208,"pid":10424,"hostname":"LAPTOP-6KJDOQ12","msg":"Server escuchando en puerto 8070"}
{"level":40,"time":1676502122401,"pid":10424,"hostname":"LAPTOP-6KJDOQ12","msg":"Nuevo cliente conectado."}
{"level":40,"time":1676502127334,"pid":10424,"hostname":"LAPTOP-6KJDOQ12","msg":"Nuevo cliente conectado."}
{"level":40,"time":1676502199382,"pid":10424,"hostname":"LAPTOP-6KJDOQ12","msg":"Nuevo cliente conectado."}
{"level":40,"time":1676502214802,"pid":10532,"hostname":"LAPTOP-6KJDOQ12","msg":"Server escuchando en puerto 8070"}
{"level":40,"time":1676502215032,"pid":10532,"hostname":"LAPTOP-6KJDOQ12","msg":"Nuevo cliente conectado."}
{"level":40,"time":1676502217779,"pid":10532,"hostname":"LAPTOP-6KJDOQ12","msg":"Nuevo cliente conectado."}
{"level":40,"time":1676502238117,"pid":10532,"hostname":"LAPTOP-6KJDOQ12","msg":"Nuevo cliente conectado."}
{"level":40,"time":1676502282942,"pid":10532,"hostname":"LAPTOP-6KJDOQ12","msg":"Nuevo cliente conectado."}
{"level":40,"time":1676502312306,"pid":11508,"hostname":"LAPTOP-6KJDOQ12","msg":"Server escuchando en puerto 8070"}
{"level":40,"time":1676502312390,"pid":11508,"hostname":"LAPTOP-6KJDOQ12","msg":"Nuevo cliente conectado."}
{"level":40,"time":1676502313429,"pid":11508,"hostname":"LAPTOP-6KJDOQ12","msg":"Nuevo cliente conectado."}
{"level":40,"time":1676502329070,"pid":11508,"hostname":"LAPTOP-6KJDOQ12","msg":"Nuevo cliente conectado."}
{"level":40,"time":1676502337848,"pid":14628,"hostname":"LAPTOP-6KJDOQ12","msg":"Server escuchando en puerto 8070"}
{"level":40,"time":1676502338028,"pid":14628,"hostname":"LAPTOP-6KJDOQ12","msg":"Nuevo cliente conectado."}
{"level":40,"time":1676502339735,"pid":14628,"hostname":"LAPTOP-6KJDOQ12","msg":"Nuevo cliente conectado."}
{"level":40,"time":1676502362989,"pid":14628,"hostname":"LAPTOP-6KJDOQ12","msg":"Nuevo cliente conectado."}
{"level":40,"time":1676502394921,"pid":14628,"hostname":"LAPTOP-6KJDOQ12","msg":"Nuevo cliente conectado."}
{"level":40,"time":1676502416455,"pid":14628,"hostname":"LAPTOP-6KJDOQ12","msg":"Nuevo cliente conectado."}
{"level":40,"time":1676502434769,"pid":7344,"hostname":"LAPTOP-6KJDOQ12","msg":"Server escuchando en puerto 8070"}
{"level":40,"time":1676502435084,"pid":7344,"hostname":"LAPTOP-6KJDOQ12","msg":"Nuevo cliente conectado."}
{"level":40,"time":1676502435857,"pid":7344,"hostname":"LAPTOP-6KJDOQ12","msg":"Nuevo cliente conectado."}
{"level":40,"time":1676502455893,"pid":7344,"hostname":"LAPTOP-6KJDOQ12","msg":"Nuevo cliente conectado."}
{"level":40,"time":1676502470593,"pid":16616,"hostname":"LAPTOP-6KJDOQ12","msg":"Server escuchando en puerto 8070"}
{"level":40,"time":1676502478729,"pid":16616,"hostname":"LAPTOP-6KJDOQ12","msg":"Nuevo cliente conectado."}
{"level":40,"time":1676502487513,"pid":16616,"hostname":"LAPTOP-6KJDOQ12","msg":"Nuevo cliente conectado."}
{"level":40,"time":1676502498088,"pid":16616,"hostname":"LAPTOP-6KJDOQ12","msg":"Nuevo cliente conectado."}
{"level":40,"time":1676502555587,"pid":1344,"hostname":"LAPTOP-6KJDOQ12","msg":"Server escuchando en puerto 8070"}
{"level":40,"time":1676502555830,"pid":1344,"hostname":"LAPTOP-6KJDOQ12","msg":"Nuevo cliente conectado."}
{"level":40,"time":1676502557027,"pid":1344,"hostname":"LAPTOP-6KJDOQ12","msg":"Nuevo cliente conectado."}
{"level":40,"time":1676502616754,"pid":15952,"hostname":"LAPTOP-6KJDOQ12","msg":"Server escuchando en puerto 8070"}
{"level":40,"time":1676502617833,"pid":15952,"hostname":"LAPTOP-6KJDOQ12","msg":"Nuevo cliente conectado."}
{"level":40,"time":1676502644659,"pid":15952,"hostname":"LAPTOP-6KJDOQ12","msg":"Nuevo cliente conectado."}
{"level":40,"time":1676502656342,"pid":2864,"hostname":"LAPTOP-6KJDOQ12","msg":"Server escuchando en puerto 8070"}
{"level":40,"time":1676502657438,"pid":2864,"hostname":"LAPTOP-6KJDOQ12","msg":"Nuevo cliente conectado."}
{"level":40,"time":1676502665794,"pid":15136,"hostname":"LAPTOP-6KJDOQ12","msg":"Server escuchando en puerto 8070"}
{"level":40,"time":1676502665865,"pid":15136,"hostname":"LAPTOP-6KJDOQ12","msg":"Nuevo cliente conectado."}
{"level":40,"time":1676502666882,"pid":15136,"hostname":"LAPTOP-6KJDOQ12","msg":"Nuevo cliente conectado."}
{"level":40,"time":1676502691095,"pid":15136,"hostname":"LAPTOP-6KJDOQ12","msg":"Nuevo cliente conectado."}
{"level":40,"time":1676502723701,"pid":15172,"hostname":"LAPTOP-6KJDOQ12","msg":"Server escuchando en puerto 8070"}
{"level":40,"time":1676502723773,"pid":15172,"hostname":"LAPTOP-6KJDOQ12","msg":"Nuevo cliente conectado."}
{"level":40,"time":1676502724747,"pid":15172,"hostname":"LAPTOP-6KJDOQ12","msg":"Nuevo cliente conectado."}
{"level":40,"time":1676502738255,"pid":8696,"hostname":"LAPTOP-6KJDOQ12","msg":"Server escuchando en puerto 8070"}
{"level":40,"time":1676502738765,"pid":8696,"hostname":"LAPTOP-6KJDOQ12","msg":"Nuevo cliente conectado."}
{"level":40,"time":1676502743593,"pid":8696,"hostname":"LAPTOP-6KJDOQ12","msg":"Nuevo cliente conectado."}
{"level":40,"time":1676502751476,"pid":11612,"hostname":"LAPTOP-6KJDOQ12","msg":"Server escuchando en puerto 8070"}
{"level":40,"time":1676502751761,"pid":11612,"hostname":"LAPTOP-6KJDOQ12","msg":"Nuevo cliente conectado."}
{"level":40,"time":1676502757999,"pid":14500,"hostname":"LAPTOP-6KJDOQ12","msg":"Server escuchando en puerto 8070"}
{"level":40,"time":1676502758400,"pid":14500,"hostname":"LAPTOP-6KJDOQ12","msg":"Nuevo cliente conectado."}
{"level":40,"time":1676502759614,"pid":14500,"hostname":"LAPTOP-6KJDOQ12","msg":"Nuevo cliente conectado."}
{"level":40,"time":1676504212756,"pid":16436,"hostname":"LAPTOP-6KJDOQ12","msg":"Server escuchando en puerto 8070"}
{"level":40,"time":1676504212833,"pid":16436,"hostname":"LAPTOP-6KJDOQ12","msg":"Nuevo cliente conectado."}
{"level":40,"time":1676504218476,"pid":16436,"hostname":"LAPTOP-6KJDOQ12","msg":"Nuevo cliente conectado."}
{"level":40,"time":1676504301779,"pid":18312,"hostname":"LAPTOP-6KJDOQ12","msg":"Server escuchando en puerto 8070"}
{"level":40,"time":1676504301849,"pid":18312,"hostname":"LAPTOP-6KJDOQ12","msg":"Nuevo cliente conectado."}
{"level":40,"time":1676504307086,"pid":18312,"hostname":"LAPTOP-6KJDOQ12","msg":"Nuevo cliente conectado."}
{"level":40,"time":1676504325628,"pid":6700,"hostname":"LAPTOP-6KJDOQ12","msg":"Server escuchando en puerto 8070"}
{"level":40,"time":1676504325767,"pid":6700,"hostname":"LAPTOP-6KJDOQ12","msg":"Nuevo cliente conectado."}
{"level":40,"time":1676504365615,"pid":7728,"hostname":"LAPTOP-6KJDOQ12","msg":"Server escuchando en puerto 8070"}
{"level":40,"time":1676504365782,"pid":7728,"hostname":"LAPTOP-6KJDOQ12","msg":"Nuevo cliente conectado."}
{"level":40,"time":1676504374955,"pid":13908,"hostname":"LAPTOP-6KJDOQ12","msg":"Server escuchando en puerto 8070"}
{"level":40,"time":1676504375040,"pid":13908,"hostname":"LAPTOP-6KJDOQ12","msg":"Nuevo cliente conectado."}
{"level":40,"time":1676504450604,"pid":10432,"hostname":"LAPTOP-6KJDOQ12","msg":"Server escuchando en puerto 8070"}
{"level":40,"time":1676504450766,"pid":10432,"hostname":"LAPTOP-6KJDOQ12","msg":"Nuevo cliente conectado."}
{"level":40,"time":1676504456212,"pid":8528,"hostname":"LAPTOP-6KJDOQ12","msg":"Server escuchando en puerto 8070"}
{"level":40,"time":1676504456769,"pid":8528,"hostname":"LAPTOP-6KJDOQ12","msg":"Nuevo cliente conectado."}
{"level":40,"time":1676504521576,"pid":7232,"hostname":"LAPTOP-6KJDOQ12","msg":"Server escuchando en puerto 8070"}
{"level":40,"time":1676504521773,"pid":7232,"hostname":"LAPTOP-6KJDOQ12","msg":"Nuevo cliente conectado."}
{"level":40,"time":1676504549958,"pid":15840,"hostname":"LAPTOP-6KJDOQ12","msg":"Server escuchando en puerto 8070"}
{"level":40,"time":1676504550034,"pid":15840,"hostname":"LAPTOP-6KJDOQ12","msg":"Nuevo cliente conectado."}
{"level":40,"time":1676504556639,"pid":15840,"hostname":"LAPTOP-6KJDOQ12","msg":"Nuevo cliente conectado."}
{"level":40,"time":1676504691109,"pid":2940,"hostname":"LAPTOP-6KJDOQ12","msg":"Server escuchando en puerto 8070"}
{"level":40,"time":1676504692773,"pid":2940,"hostname":"LAPTOP-6KJDOQ12","msg":"Nuevo cliente conectado."}
{"level":40,"time":1676504704274,"pid":2940,"hostname":"LAPTOP-6KJDOQ12","msg":"Nuevo cliente conectado."}
{"level":40,"time":1676504720661,"pid":1480,"hostname":"LAPTOP-6KJDOQ12","msg":"Server escuchando en puerto 8070"}
{"level":40,"time":1676504726706,"pid":1480,"hostname":"LAPTOP-6KJDOQ12","msg":"Nuevo cliente conectado."}
{"level":40,"time":1676504845811,"pid":4784,"hostname":"LAPTOP-6KJDOQ12","msg":"Server escuchando en puerto 8070"}
{"level":40,"time":1676504845886,"pid":4784,"hostname":"LAPTOP-6KJDOQ12","msg":"Nuevo cliente conectado."}
{"level":40,"time":1676504852483,"pid":4784,"hostname":"LAPTOP-6KJDOQ12","msg":"Nuevo cliente conectado."}
{"level":40,"time":1676504853306,"pid":4784,"hostname":"LAPTOP-6KJDOQ12","msg":"Nuevo cliente conectado."}
{"level":40,"time":1676505017571,"pid":4784,"hostname":"LAPTOP-6KJDOQ12","msg":"Nuevo cliente conectado."}
{"level":40,"time":1676505147888,"pid":3016,"hostname":"LAPTOP-6KJDOQ12","msg":"Server escuchando en puerto 8070"}
{"level":40,"time":1676505148026,"pid":3016,"hostname":"LAPTOP-6KJDOQ12","msg":"Nuevo cliente conectado."}
{"level":40,"time":1676505194479,"pid":3016,"hostname":"LAPTOP-6KJDOQ12","msg":"Nuevo cliente conectado."}
{"level":40,"time":1676505271707,"pid":3016,"hostname":"LAPTOP-6KJDOQ12","msg":"Acceso a ruta invalida","route":"/carrito"}
{"level":40,"time":1676505279753,"pid":3016,"hostname":"LAPTOP-6KJDOQ12","msg":"Nuevo cliente conectado."}
{"level":40,"time":1676505294311,"pid":2276,"hostname":"LAPTOP-6KJDOQ12","msg":"Server escuchando en puerto 8070"}
{"level":40,"time":1676505294777,"pid":2276,"hostname":"LAPTOP-6KJDOQ12","msg":"Nuevo cliente conectado."}
{"level":40,"time":1676505315284,"pid":13344,"hostname":"LAPTOP-6KJDOQ12","msg":"Server escuchando en puerto 8070"}
{"level":40,"time":1676505315767,"pid":13344,"hostname":"LAPTOP-6KJDOQ12","msg":"Nuevo cliente conectado."}
{"level":40,"time":1676505325166,"pid":11200,"hostname":"LAPTOP-6KJDOQ12","msg":"Server escuchando en puerto 8070"}
{"level":40,"time":1676505325775,"pid":11200,"hostname":"LAPTOP-6KJDOQ12","msg":"Nuevo cliente conectado."}
{"level":40,"time":1676505406287,"pid":11716,"hostname":"LAPTOP-6KJDOQ12","msg":"Server escuchando en puerto 8070"}
{"level":40,"time":1676505406774,"pid":11716,"hostname":"LAPTOP-6KJDOQ12","msg":"Nuevo cliente conectado."}
{"level":40,"time":1676505417853,"pid":11716,"hostname":"LAPTOP-6KJDOQ12","msg":"Nuevo cliente conectado."}
{"level":40,"time":1676505419136,"pid":11716,"hostname":"LAPTOP-6KJDOQ12","msg":"Acceso a ruta invalida","route":"/carrito"}
{"level":40,"time":1676505419390,"pid":11716,"hostname":"LAPTOP-6KJDOQ12","msg":"Nuevo cliente conectado."}
{"level":40,"time":1676505441424,"pid":10308,"hostname":"LAPTOP-6KJDOQ12","msg":"Server escuchando en puerto 8070"}
{"level":40,"time":1676505441768,"pid":10308,"hostname":"LAPTOP-6KJDOQ12","msg":"Nuevo cliente conectado."}
{"level":40,"time":1676505448816,"pid":2116,"hostname":"LAPTOP-6KJDOQ12","msg":"Server escuchando en puerto 8070"}
{"level":40,"time":1676505449799,"pid":2116,"hostname":"LAPTOP-6KJDOQ12","msg":"Nuevo cliente conectado."}
{"level":40,"time":1676505463955,"pid":5868,"hostname":"LAPTOP-6KJDOQ12","msg":"Server escuchando en puerto 8070"}
{"level":40,"time":1676505535495,"pid":5868,"hostname":"LAPTOP-6KJDOQ12","msg":"Nuevo cliente conectado."}
{"level":40,"time":1676505619866,"pid":8772,"hostname":"LAPTOP-6KJDOQ12","msg":"Server escuchando en puerto 8070"}
{"level":40,"time":1676505626862,"pid":14260,"hostname":"LAPTOP-6KJDOQ12","msg":"Server escuchando en puerto 8070"}
{"level":40,"time":1676505646762,"pid":12144,"hostname":"LAPTOP-6KJDOQ12","msg":"Server escuchando en puerto 8070"}
{"level":40,"time":1676505654051,"pid":12144,"hostname":"LAPTOP-6KJDOQ12","msg":"Nuevo cliente conectado."}
{"level":40,"time":1676505696124,"pid":13528,"hostname":"LAPTOP-6KJDOQ12","msg":"Server escuchando en puerto 8070"}
{"level":40,"time":1676505761059,"pid":12092,"hostname":"LAPTOP-6KJDOQ12","msg":"Server escuchando en puerto 8070"}
{"level":40,"time":1676505771214,"pid":13412,"hostname":"LAPTOP-6KJDOQ12","msg":"Server escuchando en puerto 8070"}
{"level":40,"time":1676505812236,"pid":13484,"hostname":"LAPTOP-6KJDOQ12","msg":"Server escuchando en puerto 8070"}
{"level":40,"time":1676505814703,"pid":9924,"hostname":"LAPTOP-6KJDOQ12","msg":"Server escuchando en puerto 8070"}
{"level":40,"time":1676505820828,"pid":18352,"hostname":"LAPTOP-6KJDOQ12","msg":"Server escuchando en puerto 8070"}
{"level":40,"time":1676505830329,"pid":18120,"hostname":"LAPTOP-6KJDOQ12","msg":"Server escuchando en puerto 8070"}
{"level":40,"time":1676505847121,"pid":16368,"hostname":"LAPTOP-6KJDOQ12","msg":"Server escuchando en puerto 8070"}
{"level":40,"time":1676505853702,"pid":16368,"hostname":"LAPTOP-6KJDOQ12","msg":"Nuevo cliente conectado."}
{"level":40,"time":1676505868261,"pid":14004,"hostname":"LAPTOP-6KJDOQ12","msg":"Server escuchando en puerto 8070"}
{"level":40,"time":1676505893140,"pid":8204,"hostname":"LAPTOP-6KJDOQ12","msg":"Server escuchando en puerto 8070"}
{"level":40,"time":1676505913289,"pid":3200,"hostname":"LAPTOP-6KJDOQ12","msg":"Server escuchando en puerto 8070"}
{"level":40,"time":1676505923761,"pid":11620,"hostname":"LAPTOP-6KJDOQ12","msg":"Server escuchando en puerto 8070"}
{"level":40,"time":1676505925108,"pid":11620,"hostname":"LAPTOP-6KJDOQ12","msg":"Nuevo cliente conectado."}
{"level":40,"time":1676505935941,"pid":12004,"hostname":"LAPTOP-6KJDOQ12","msg":"Server escuchando en puerto 8070"}
{"level":40,"time":1676506065522,"pid":12004,"hostname":"LAPTOP-6KJDOQ12","msg":"Nuevo cliente conectado."}
{"level":40,"time":1676506262987,"pid":6724,"hostname":"LAPTOP-6KJDOQ12","msg":"Server escuchando en puerto 8070"}
{"level":40,"time":1676506268445,"pid":6724,"hostname":"LAPTOP-6KJDOQ12","msg":"Nuevo cliente conectado."}
{"level":40,"time":1676506916144,"pid":4064,"hostname":"LAPTOP-6KJDOQ12","msg":"Server escuchando en puerto 8070"}
{"level":40,"time":1676506921441,"pid":4064,"hostname":"LAPTOP-6KJDOQ12","msg":"Nuevo cliente conectado."}
{"level":40,"time":1676507102087,"pid":14180,"hostname":"LAPTOP-6KJDOQ12","msg":"Server escuchando en puerto 8070"}
{"level":40,"time":1676507194358,"pid":9944,"hostname":"LAPTOP-6KJDOQ12","msg":"Server escuchando en puerto 8070"}
{"level":40,"time":1676507223703,"pid":9944,"hostname":"LAPTOP-6KJDOQ12","msg":"Nuevo cliente conectado."}
{"level":40,"time":1676507445776,"pid":18136,"hostname":"LAPTOP-6KJDOQ12","msg":"Server escuchando en puerto 8070"}
{"level":40,"time":1676507454413,"pid":8700,"hostname":"LAPTOP-6KJDOQ12","msg":"Server escuchando en puerto 8070"}
{"level":40,"time":1676507455746,"pid":15448,"hostname":"LAPTOP-6KJDOQ12","msg":"Server escuchando en puerto 8070"}
{"level":40,"time":1676507520785,"pid":8960,"hostname":"LAPTOP-6KJDOQ12","msg":"Server escuchando en puerto 8070"}
{"level":40,"time":1676507532598,"pid":16356,"hostname":"LAPTOP-6KJDOQ12","msg":"Server escuchando en puerto 8070"}
{"level":40,"time":1676507541576,"pid":13376,"hostname":"LAPTOP-6KJDOQ12","msg":"Server escuchando en puerto 8070"}
{"level":40,"time":1676507560217,"pid":13376,"hostname":"LAPTOP-6KJDOQ12","msg":"Nuevo cliente conectado."}
{"level":40,"time":1676507560292,"pid":13376,"hostname":"LAPTOP-6KJDOQ12","msg":"Acceso a ruta invalida","route":"/images/squiel2517_perfil.webp"}
{"level":40,"time":1676507659301,"pid":13376,"hostname":"LAPTOP-6KJDOQ12","msg":"Nuevo cliente conectado."}
{"level":40,"time":1676507659353,"pid":13376,"hostname":"LAPTOP-6KJDOQ12","msg":"Acceso a ruta invalida","route":"/images/squiel2517_perfil.webp"}
{"level":40,"time":1676507864680,"pid":14968,"hostname":"LAPTOP-6KJDOQ12","msg":"Server escuchando en puerto 8070"}
{"level":40,"time":1676507864771,"pid":14968,"hostname":"LAPTOP-6KJDOQ12","msg":"Nuevo cliente conectado."}
{"level":40,"time":1676507871261,"pid":11548,"hostname":"LAPTOP-6KJDOQ12","msg":"Server escuchando en puerto 8070"}
{"level":40,"time":1676507871768,"pid":11548,"hostname":"LAPTOP-6KJDOQ12","msg":"Nuevo cliente conectado."}
{"level":40,"time":1676507878941,"pid":8292,"hostname":"LAPTOP-6KJDOQ12","msg":"Server escuchando en puerto 8070"}
{"level":40,"time":1676507879030,"pid":8292,"hostname":"LAPTOP-6KJDOQ12","msg":"Nuevo cliente conectado."}
{"level":40,"time":1676507896168,"pid":8292,"hostname":"LAPTOP-6KJDOQ12","msg":"Nuevo cliente conectado."}
{"level":40,"time":1676507923811,"pid":7488,"hostname":"LAPTOP-6KJDOQ12","msg":"Server escuchando en puerto 8070"}
{"level":40,"time":1676507924767,"pid":7488,"hostname":"LAPTOP-6KJDOQ12","msg":"Nuevo cliente conectado."}
{"level":40,"time":1676507935897,"pid":4912,"hostname":"LAPTOP-6KJDOQ12","msg":"Server escuchando en puerto 8070"}
{"level":40,"time":1676507936780,"pid":4912,"hostname":"LAPTOP-6KJDOQ12","msg":"Nuevo cliente conectado."}
{"level":40,"time":1676507997024,"pid":1332,"hostname":"LAPTOP-6KJDOQ12","msg":"Server escuchando en puerto 8070"}
{"level":40,"time":1676507997101,"pid":1332,"hostname":"LAPTOP-6KJDOQ12","msg":"Nuevo cliente conectado."}
{"level":40,"time":1676508018965,"pid":6512,"hostname":"LAPTOP-6KJDOQ12","msg":"Server escuchando en puerto 8070"}
{"level":40,"time":1676508035769,"pid":14996,"hostname":"LAPTOP-6KJDOQ12","msg":"Server escuchando en puerto 8070"}
{"level":40,"time":1676508039365,"pid":3940,"hostname":"LAPTOP-6KJDOQ12","msg":"Server escuchando en puerto 8070"}
{"level":40,"time":1676508068935,"pid":9288,"hostname":"LAPTOP-6KJDOQ12","msg":"Server escuchando en puerto 8070"}
{"level":40,"time":1676508114056,"pid":7320,"hostname":"LAPTOP-6KJDOQ12","msg":"Server escuchando en puerto 8070"}
{"level":40,"time":1676508115652,"pid":8844,"hostname":"LAPTOP-6KJDOQ12","msg":"Server escuchando en puerto 8070"}
{"level":40,"time":1676508148809,"pid":11076,"hostname":"LAPTOP-6KJDOQ12","msg":"Server escuchando en puerto 8070"}
{"level":40,"time":1676508155875,"pid":11248,"hostname":"LAPTOP-6KJDOQ12","msg":"Server escuchando en puerto 8070"}
{"level":40,"time":1676508254713,"pid":15260,"hostname":"LAPTOP-6KJDOQ12","msg":"Server escuchando en puerto 8070"}
{"level":40,"time":1676508302267,"pid":9904,"hostname":"LAPTOP-6KJDOQ12","msg":"Server escuchando en puerto 8070"}
{"level":40,"time":1676508308058,"pid":14792,"hostname":"LAPTOP-6KJDOQ12","msg":"Server escuchando en puerto 8070"}
{"level":40,"time":1676508317237,"pid":7836,"hostname":"LAPTOP-6KJDOQ12","msg":"Server escuchando en puerto 8070"}
{"level":40,"time":1676508352092,"pid":7836,"hostname":"LAPTOP-6KJDOQ12","msg":"Nuevo cliente conectado."}
{"level":40,"time":1676508389724,"pid":7836,"hostname":"LAPTOP-6KJDOQ12","msg":"Nuevo cliente conectado."}
{"level":40,"time":1676508392594,"pid":7836,"hostname":"LAPTOP-6KJDOQ12","msg":"Nuevo cliente conectado."}
{"level":40,"time":1676508433719,"pid":14792,"hostname":"LAPTOP-6KJDOQ12","msg":"Server escuchando en puerto 8070"}
{"level":40,"time":1676508433792,"pid":14792,"hostname":"LAPTOP-6KJDOQ12","msg":"Nuevo cliente conectado."}
{"level":40,"time":1676508441356,"pid":14792,"hostname":"LAPTOP-6KJDOQ12","msg":"Nuevo cliente conectado."}
{"level":40,"time":1676511054330,"pid":13164,"hostname":"LAPTOP-6KJDOQ12","msg":"Server escuchando en puerto 8070"}
{"level":40,"time":1676512441042,"pid":15000,"hostname":"LAPTOP-6KJDOQ12","msg":"Server escuchando en puerto 8070"}
{"level":40,"time":1676512461092,"pid":11792,"hostname":"LAPTOP-6KJDOQ12","msg":"Server escuchando en puerto 8070"}
{"level":40,"time":1676512462717,"pid":1856,"hostname":"LAPTOP-6KJDOQ12","msg":"Server escuchando en puerto 8070"}
{"level":40,"time":1676512479713,"pid":2976,"hostname":"LAPTOP-6KJDOQ12","msg":"Server escuchando en puerto 8070"}
{"level":40,"time":1676512512845,"pid":2976,"hostname":"LAPTOP-6KJDOQ12","msg":"Nuevo cliente conectado."}
{"level":40,"time":1676512687727,"pid":2976,"hostname":"LAPTOP-6KJDOQ12","msg":"Nuevo cliente conectado."}
{"level":40,"time":1676512709085,"pid":2976,"hostname":"LAPTOP-6KJDOQ12","msg":"Nuevo cliente conectado."}
{"level":40,"time":1676512811223,"pid":2976,"hostname":"LAPTOP-6KJDOQ12","msg":"Nuevo cliente conectado."}
{"level":40,"time":1676512982393,"pid":2976,"hostname":"LAPTOP-6KJDOQ12","msg":"Nuevo cliente conectado."}
{"level":40,"time":1676513304069,"pid":2976,"hostname":"LAPTOP-6KJDOQ12","msg":"Nuevo cliente conectado."}
{"level":40,"time":1676513305885,"pid":2976,"hostname":"LAPTOP-6KJDOQ12","msg":"Nuevo cliente conectado."}
{"level":40,"time":1676513314590,"pid":2976,"hostname":"LAPTOP-6KJDOQ12","msg":"Nuevo cliente conectado."}
{"level":40,"time":1676513316339,"pid":2976,"hostname":"LAPTOP-6KJDOQ12","msg":"Nuevo cliente conectado."}
{"level":40,"time":1676513592441,"pid":18008,"hostname":"LAPTOP-6KJDOQ12","msg":"Server escuchando en puerto 8070"}
{"level":40,"time":1676513653276,"pid":13772,"hostname":"LAPTOP-6KJDOQ12","msg":"Server escuchando en puerto 8070"}
{"level":40,"time":1676513655090,"pid":6148,"hostname":"LAPTOP-6KJDOQ12","msg":"Server escuchando en puerto 8070"}
{"level":40,"time":1676513660840,"pid":6148,"hostname":"LAPTOP-6KJDOQ12","msg":"Nuevo cliente conectado."}
{"level":40,"time":1676513772790,"pid":12112,"hostname":"LAPTOP-6KJDOQ12","msg":"Server escuchando en puerto 8070"}
{"level":40,"time":1676513781856,"pid":2296,"hostname":"LAPTOP-6KJDOQ12","msg":"Server escuchando en puerto 8070"}
{"level":40,"time":1676513785916,"pid":9096,"hostname":"LAPTOP-6KJDOQ12","msg":"Server escuchando en puerto 8070"}
{"level":40,"time":1676513903812,"pid":7896,"hostname":"LAPTOP-6KJDOQ12","msg":"Server escuchando en puerto 8070"}
{"level":40,"time":1676513977598,"pid":13648,"hostname":"LAPTOP-6KJDOQ12","msg":"Server escuchando en puerto 8070"}
{"level":40,"time":1676513984233,"pid":10816,"hostname":"LAPTOP-6KJDOQ12","msg":"Server escuchando en puerto 8070"}
{"level":40,"time":1676513993483,"pid":16788,"hostname":"LAPTOP-6KJDOQ12","msg":"Server escuchando en puerto 8070"}
{"level":40,"time":1676514021427,"pid":16672,"hostname":"LAPTOP-6KJDOQ12","msg":"Server escuchando en puerto 8070"}
{"level":40,"time":1676514122195,"pid":17160,"hostname":"LAPTOP-6KJDOQ12","msg":"Server escuchando en puerto 8070"}
{"level":40,"time":1676514139362,"pid":10624,"hostname":"LAPTOP-6KJDOQ12","msg":"Server escuchando en puerto 8070"}
{"level":40,"time":1676514143255,"pid":6588,"hostname":"LAPTOP-6KJDOQ12","msg":"Server escuchando en puerto 8070"}
{"level":40,"time":1676514157822,"pid":17672,"hostname":"LAPTOP-6KJDOQ12","msg":"Server escuchando en puerto 8070"}
{"level":40,"time":1676514160829,"pid":14932,"hostname":"LAPTOP-6KJDOQ12","msg":"Server escuchando en puerto 8070"}
{"level":40,"time":1676514180532,"pid":14340,"hostname":"LAPTOP-6KJDOQ12","msg":"Server escuchando en puerto 8070"}
{"level":40,"time":1676514184277,"pid":13252,"hostname":"LAPTOP-6KJDOQ12","msg":"Server escuchando en puerto 8070"}
{"level":40,"time":1676514191248,"pid":13252,"hostname":"LAPTOP-6KJDOQ12","msg":"Nuevo cliente conectado."}
{"level":40,"time":1676514241483,"pid":18212,"hostname":"LAPTOP-6KJDOQ12","msg":"Server escuchando en puerto 8070"}
{"level":40,"time":1676514305108,"pid":3332,"hostname":"LAPTOP-6KJDOQ12","msg":"Server escuchando en puerto 8070"}
{"level":40,"time":1676514310922,"pid":3332,"hostname":"LAPTOP-6KJDOQ12","msg":"Nuevo cliente conectado."}
{"level":40,"time":1676514346883,"pid":11728,"hostname":"LAPTOP-6KJDOQ12","msg":"Server escuchando en puerto 8070"}
{"level":40,"time":1676514367785,"pid":7756,"hostname":"LAPTOP-6KJDOQ12","msg":"Server escuchando en puerto 8070"}
{"level":40,"time":1676514388309,"pid":3460,"hostname":"LAPTOP-6KJDOQ12","msg":"Server escuchando en puerto 8070"}
{"level":40,"time":1676514393165,"pid":14340,"hostname":"LAPTOP-6KJDOQ12","msg":"Server escuchando en puerto 8070"}
{"level":40,"time":1676514409426,"pid":3324,"hostname":"LAPTOP-6KJDOQ12","msg":"Server escuchando en puerto 8070"}
{"level":40,"time":1676514521071,"pid":11300,"hostname":"LAPTOP-6KJDOQ12","msg":"Server escuchando en puerto 8070"}
{"level":40,"time":1676514531533,"pid":10096,"hostname":"LAPTOP-6KJDOQ12","msg":"Server escuchando en puerto 8070"}
{"level":40,"time":1676514551747,"pid":7048,"hostname":"LAPTOP-6KJDOQ12","msg":"Server escuchando en puerto 8070"}
{"level":40,"time":1676514610488,"pid":6576,"hostname":"LAPTOP-6KJDOQ12","msg":"Server escuchando en puerto 8070"}
{"level":40,"time":1676514616791,"pid":14888,"hostname":"LAPTOP-6KJDOQ12","msg":"Server escuchando en puerto 8070"}
{"level":40,"time":1676514628569,"pid":14888,"hostname":"LAPTOP-6KJDOQ12","msg":"Nuevo cliente conectado."}
{"level":40,"time":1676514643895,"pid":15608,"hostname":"LAPTOP-6KJDOQ12","msg":"Server escuchando en puerto 8070"}
{"level":40,"time":1676514670442,"pid":18212,"hostname":"LAPTOP-6KJDOQ12","msg":"Server escuchando en puerto 8070"}
{"level":40,"time":1676514729037,"pid":1676,"hostname":"LAPTOP-6KJDOQ12","msg":"Server escuchando en puerto 8070"}
{"level":40,"time":1676514793755,"pid":15256,"hostname":"LAPTOP-6KJDOQ12","msg":"Server escuchando en puerto 8070"}
{"level":40,"time":1676514799234,"pid":15256,"hostname":"LAPTOP-6KJDOQ12","msg":"Nuevo cliente conectado."}
{"level":40,"time":1676514900687,"pid":9628,"hostname":"LAPTOP-6KJDOQ12","msg":"Server escuchando en puerto 8070"}
{"level":40,"time":1676514906191,"pid":9628,"hostname":"LAPTOP-6KJDOQ12","msg":"Nuevo cliente conectado."}
{"level":40,"time":1676514938645,"pid":7484,"hostname":"LAPTOP-6KJDOQ12","msg":"Server escuchando en puerto 8070"}
{"level":40,"time":1676514953087,"pid":12908,"hostname":"LAPTOP-6KJDOQ12","msg":"Server escuchando en puerto 8070"}
{"level":40,"time":1676514975103,"pid":16724,"hostname":"LAPTOP-6KJDOQ12","msg":"Server escuchando en puerto 8070"}
{"level":40,"time":1676514983158,"pid":2528,"hostname":"LAPTOP-6KJDOQ12","msg":"Server escuchando en puerto 8070"}
{"level":40,"time":1676515002464,"pid":4200,"hostname":"LAPTOP-6KJDOQ12","msg":"Server escuchando en puerto 8070"}
{"level":40,"time":1676515020047,"pid":716,"hostname":"LAPTOP-6KJDOQ12","msg":"Server escuchando en puerto 8070"}
{"level":40,"time":1676515071252,"pid":11044,"hostname":"LAPTOP-6KJDOQ12","msg":"Server escuchando en puerto 8070"}
{"level":40,"time":1676515149005,"pid":7412,"hostname":"LAPTOP-6KJDOQ12","msg":"Server escuchando en puerto 8070"}
{"level":40,"time":1676515312757,"pid":17052,"hostname":"LAPTOP-6KJDOQ12","msg":"Server escuchando en puerto 8070"}
{"level":40,"time":1676515320688,"pid":11460,"hostname":"LAPTOP-6KJDOQ12","msg":"Server escuchando en puerto 8070"}
{"level":40,"time":1676515325910,"pid":10296,"hostname":"LAPTOP-6KJDOQ12","msg":"Server escuchando en puerto 8070"}
{"level":40,"time":1676515332751,"pid":10296,"hostname":"LAPTOP-6KJDOQ12","msg":"Nuevo cliente conectado."}
{"level":40,"time":1676515394917,"pid":8636,"hostname":"LAPTOP-6KJDOQ12","msg":"Server escuchando en puerto 8070"}
{"level":40,"time":1676515415679,"pid":11912,"hostname":"LAPTOP-6KJDOQ12","msg":"Server escuchando en puerto 8070"}
{"level":40,"time":1676515420462,"pid":17284,"hostname":"LAPTOP-6KJDOQ12","msg":"Server escuchando en puerto 8070"}
{"level":40,"time":1676515446648,"pid":16244,"hostname":"LAPTOP-6KJDOQ12","msg":"Server escuchando en puerto 8070"}
{"level":40,"time":1676515465797,"pid":4196,"hostname":"LAPTOP-6KJDOQ12","msg":"Server escuchando en puerto 8070"}
{"level":40,"time":1676515468755,"pid":9992,"hostname":"LAPTOP-6KJDOQ12","msg":"Server escuchando en puerto 8070"}
{"level":40,"time":1676515545741,"pid":7680,"hostname":"LAPTOP-6KJDOQ12","msg":"Server escuchando en puerto 8070"}
{"level":40,"time":1676515549188,"pid":17868,"hostname":"LAPTOP-6KJDOQ12","msg":"Server escuchando en puerto 8070"}
{"level":40,"time":1676515579570,"pid":17868,"hostname":"LAPTOP-6KJDOQ12","msg":"Nuevo cliente conectado."}
